<?xml version="1.0" encoding="UTF-8"?>
<!-- Generated by org.testng.reporters.JUnitReportReporter -->
<testsuite hostname="PC" name="com.comarch.training.PositiveCases" tests="41" failures="0" timestamp="13 Jul 2015 12:06:02 GMT" time="0.040" errors="0">
  <testcase name="MultiplyTest" time="0.000" classname="com.comarch.training.PositiveCases"/>
  <testcase name="MultiplyTest" time="0.000" classname="com.comarch.training.PositiveCases"/>
  <testcase name="DivideTest" time="0.000" classname="com.comarch.training.PositiveCases"/>
  <testcase name="MinusTest" time="0.000" classname="com.comarch.training.PositiveCases"/>
  <testcase name="MinusTest" time="0.000" classname="com.comarch.training.PositiveCases"/>
  <testcase name="MultiplyTest" time="0.000" classname="com.comarch.training.PositiveCases"/>
  <testcase name="MultiplyTest" time="0.000" classname="com.comarch.training.PositiveCases"/>
  <testcase name="DivideTest" time="0.000" classname="com.comarch.training.PositiveCases"/>
  <testcase name="MultiplyTest" time="0.000" classname="com.comarch.training.PositiveCases"/>
  <testcase name="AddingTest" time="0.010" classname="com.comarch.training.PositiveCases"/>
  <testcase name="AddingTest" time="0.000" classname="com.comarch.training.PositiveCases"/>
  <testcase name="AddingTest" time="0.000" classname="com.comarch.training.PositiveCases"/>
  <testcase name="MinusTest" time="0.000" classname="com.comarch.training.PositiveCases"/>
  <testcase name="MultiplyTest" time="0.000" classname="com.comarch.training.PositiveCases"/>
  <testcase name="DivideTest" time="0.000" classname="com.comarch.training.PositiveCases"/>
  <testcase name="MultiplyTest" time="0.000" classname="com.comarch.training.PositiveCases"/>
  <testcase name="AddingTest" time="0.000" classname="com.comarch.training.PositiveCases"/>
  <testcase name="AddingTest" time="0.000" classname="com.comarch.training.PositiveCases"/>
  <testcase name="DivideTest" time="0.000" classname="com.comarch.training.PositiveCases"/>
  <testcase name="DivideTest" time="0.010" classname="com.comarch.training.PositiveCases"/>
  <testcase name="MinusTest" time="0.010" classname="com.comarch.training.PositiveCases"/>
  <testcase name="MultiplyTest" time="0.000" classname="com.comarch.training.PositiveCases"/>
  <testcase name="DivideTest" time="0.000" classname="com.comarch.training.PositiveCases"/>
  <testcase name="DivideTest" time="0.000" classname="com.comarch.training.PositiveCases"/>
  <testcase name="MinusTest" time="0.000" classname="com.comarch.training.PositiveCases"/>
  <testcase name="MultiplyTest" time="0.000" classname="com.comarch.training.PositiveCases"/>
  <testcase name="AddingTest" time="0.000" classname="com.comarch.training.PositiveCases"/>
  <testcase name="MinusTest" time="0.000" classname="com.comarch.training.PositiveCases"/>
  <testcase name="MinusTest" time="0.000" classname="com.comarch.training.PositiveCases"/>
  <testcase name="AddingTest" time="0.000" classname="com.comarch.training.PositiveCases"/>
  <testcase name="AddToMemoryTest" time="0.010" classname="com.comarch.training.PositiveCases"/>
  <testcase name="AddingTest" time="0.000" classname="com.comarch.training.PositiveCases"/>
  <testcase name="DivideTest" time="0.000" classname="com.comarch.training.PositiveCases"/>
  <testcase name="MultiplyTest" time="0.000" classname="com.comarch.training.PositiveCases"/>
  <testcase name="AddingTest" time="0.000" classname="com.comarch.training.PositiveCases"/>
  <testcase name="DivideTest" time="0.000" classname="com.comarch.training.PositiveCases"/>
  <testcase name="DivideTest" time="0.000" classname="com.comarch.training.PositiveCases"/>
  <testcase name="MinusTest" time="0.000" classname="com.comarch.training.PositiveCases"/>
  <testcase name="MinusTest" time="0.000" classname="com.comarch.training.PositiveCases"/>
  <testcase name="AddingTest" time="0.000" classname="com.comarch.training.PositiveCases"/>
  <testcase name="MinusTest" time="0.000" classname="com.comarch.training.PositiveCases"/>
</testsuite> <!-- com.comarch.training.PositiveCases -->
